<?xml version="1.0" encoding="UTF-8"?>
<!-- Generated by org.testng.reporters.JUnitReportReporter -->
<testsuite hostname="AQMIT-DSK-10280" name="Test.TestRunner" tests="1" failures="0" timestamp="9 May 2019 10:26:26 GMT" time="3.371" errors="0">
  <testcase name="feature" time="3.371" classname="Test.TestRunner"/>
</testsuite> <!-- Test.TestRunner -->
