<?xml version="1.0" encoding="UTF-8"?>
<!-- Generated by org.testng.reporters.JUnitReportReporter -->
<testsuite hostname="AQMIT-DSK-10280" name="Test.TestEmailRunner" tests="1" failures="0" timestamp="9 May 2019 09:23:40 GMT" time="3.754" errors="0">
  <testcase name="feature" time="3.754" classname="Test.TestEmailRunner"/>
</testsuite> <!-- Test.TestEmailRunner -->
